Arguments: 
  C:\Program Files\nodejs\node.exe C:\Users\LinTan\AppData\Roaming\npm\node_modules\yarn\bin\yarn.js add antd babel-plugin-import

PATH: 
  C:\Windows\System32;C:\Windows;C:\Windows\System32\wbem;C:\Windows\System32\WindowsPowerShell\v1.0;C:\Windows\System32\OpenSSH;C:\Program Files\Common Files\Intel\WirelessCommon;C:\Program Files\Intel\WiFi;C:\Program Files\Intel\Intel(R) Management Engine Components\iCLS\;C:\Program Files (x86)\Intel\Intel(R) Management Engine Components\iCLS\;C:\Program Files (x86)\NVIDIA Corporation\PhysX\Common;C:\Program Files\Python37\Scripts\;C:\Program Files\Python37\;C:\Program Files\Java\jdk1.8.0_201\bin;C:\Program Files\Java\jdk1.8.0_201\jre\bin;C:\Users\LinTan\AppData\Local\Android\Sdk\tools;C:\Users\LinTan\AppData\Local\Android\Sdk\platform-tools;C:\SoftwareGreen\MySQL\bin;C:\SoftwareGreen\Tomcat\bin;C:\SoftwareGreen\Tomcat\lib;C:\Program Files\nodejs\;C:\Program Files\Git\cmd;C:\Program Files\TortoiseSVN\bin;C:\Program Files (x86)\MySQL\MySQL Fabric 1.5 & MySQL Utilities 1.5\;C:\Program Files (x86)\MySQL\MySQL Fabric 1.5 & MySQL Utilities 1.5\Doctrine extensions for PHP\;C:\Program Files\TortoiseGit\bin;C:\Users\LinTan\AppData\Local\Microsoft\WindowsApps;C:\Program Files\Intel\WiFi\bin\;C:\Program Files\Common Files\Intel\WirelessCommon\;C:\Users\LinTan\AppData\Local\Programs\Fiddler;C:\Users\LinTan\AppData\Roaming\npm;C:\Program Files\JetBrains\WebStorm 2019.1.1\bin;C:\Users\LinTan\AppData\Local\BypassRuntm;D:\Microsoft VS Code\bin

Yarn version: 
  1.21.1

Node version: 
  10.15.3

Platform: 
  win32 x64

Trace: 
  Error: ENOENT: no such file or directory, copyfile 'C:\Users\LinTan\AppData\Local\Yarn\Cache\v6\npm-pify-4.0.1-4b2cd25c50d598735c50292224fd8c6df41e3231-integrity\node_modules\pify\package.json' -> 'E:\dva-quickstart\node_modules\af-webpack\node_modules\pify\package.json'

npm manifest: 
  {
    "private": true,
    "scripts": {
      "start": "roadhog server",
      "build": "roadhog build",
      "lint": "eslint --ext .js src test",
      "precommit": "npm run lint"
    },
    "dependencies": {
      "dva": "^2.4.1",
      "react": "^16.2.0",
      "react-dom": "^16.2.0"
    },
    "devDependencies": {
      "babel-plugin-dva-hmr": "^0.3.2",
      "eslint": "^4.14.0",
      "eslint-config-umi": "^0.1.1",
      "eslint-plugin-flowtype": "^2.34.1",
      "eslint-plugin-import": "^2.6.0",
      "eslint-plugin-jsx-a11y": "^5.1.1",
      "eslint-plugin-react": "^7.1.0",
      "husky": "^0.12.0",
      "redbox-react": "^1.4.3",
      "roadhog": "^2.5.0-beta.4"
    }
  }

yarn manifest: 
  No manifest

Lockfile: 
  No lockfile
